2025-03-04 14:14:09,484 - db_helper - INFO - fetch_expenses_for_date called with 2024-08-15
2025-03-04 14:14:09,514 - db_helper - INFO - fetch_expense_summary called with start: 2024-08-01 end: 2024-08-05
2025-03-04 14:21:23,747 - db_helper - INFO - fetch_expenses_for_date called with 2024-08-15
2025-03-04 14:21:23,801 - db_helper - INFO - fetch_expense_summary called with start: 2024-08-01 end: 2024-08-05
2025-03-04 14:21:32,250 - db_helper - INFO - fetch_expenses_for_date called with 2024-08-15
2025-03-04 14:21:32,302 - db_helper - INFO - fetch_expense_summary called with start: 2024-08-01 end: 2024-08-05
2025-03-04 14:22:44,905 - db_helper - INFO - fetch_expenses_for_date called with 2024-08-15
2025-03-04 14:22:44,931 - db_helper - INFO - fetch_expense_summary called with start: 2024-08-01 end: 2024-08-05
2025-03-04 14:26:07,109 - db_helper - INFO - fetch_expenses_for_date called with 2024-08-15
2025-03-04 14:26:07,169 - db_helper - INFO - fetch_expense_summary called with start: 2024-08-01 end: 2024-08-05
2025-03-04 14:45:30,540 - db_helper - INFO - fetch_expenses_for_date called with 2024-08-15
2025-03-04 14:45:30,588 - db_helper - INFO - fetch_expense_summary called with start: 2024-08-01 end: 2024-08-05
2025-03-04 14:48:55,989 - db_helper - INFO - fetch_expenses_for_date called with 2024-08-15
2025-03-04 14:48:56,035 - db_helper - INFO - fetch_expense_summary called with start: 2024-08-01 end: 2024-08-05
2025-03-04 14:49:06,277 - db_helper - INFO - fetch_expenses_for_date called with 2024-08-15
2025-03-04 14:49:06,324 - db_helper - INFO - fetch_expense_summary called with start: 2024-08-01 end: 2024-08-05
2025-03-04 14:49:21,850 - db_helper - INFO - fetch_expenses_for_date called with 2024-08-15
2025-03-04 14:49:21,911 - db_helper - INFO - fetch_expense_summary called with start: 2024-08-01 end: 2024-08-05
2025-03-04 14:50:50,686 - db_helper - INFO - fetch_expenses_for_date called with 2024-08-17
2025-03-04 14:51:10,953 - db_helper - INFO - fetch_expenses_for_date called with 2024-08-17
2025-03-04 19:48:39,335 - db_helper - INFO - fetch_expenses_for_date called with 2024-08-01
2025-03-04 21:38:55,202 - db_helper - INFO - fetch_expenses_for_date called with 2024-08-01
2025-03-04 21:39:05,325 - db_helper - INFO - fetch_expenses_for_date called with 2024-08-01
2025-03-04 21:39:12,047 - db_helper - INFO - fetch_expenses_for_date called with 2024-08-22
2025-03-04 21:39:17,398 - db_helper - INFO - fetch_expenses_for_date called with 2024-08-01
2025-03-04 21:40:30,894 - db_helper - INFO - fetch_expenses_for_date called with 2024-08-01
2025-03-04 21:42:57,281 - db_helper - INFO - fetch_expenses_for_date called with 2024-08-01
2025-03-04 21:43:02,242 - db_helper - INFO - fetch_expenses_for_date called with 2024-08-01
2025-03-04 21:43:59,953 - db_helper - INFO - fetch_expenses_for_date called with 2024-08-01
2025-03-04 21:54:46,531 - db_helper - INFO - fetch_expenses_for_date called with 2024-08-01
2025-03-04 21:55:40,416 - db_helper - INFO - fetch_expenses_for_date called with 2024-08-01
2025-03-04 21:55:50,384 - db_helper - INFO - fetch_expenses_for_date called with 2024-08-01
2025-03-04 21:56:00,270 - db_helper - INFO - fetch_expenses_for_date called with 2024-08-01
2025-03-04 21:56:19,188 - db_helper - INFO - fetch_expenses_for_date called with 2024-08-01
2025-03-04 21:56:28,356 - db_helper - INFO - fetch_expenses_for_date called with 2024-08-02
2025-03-04 21:59:00,273 - db_helper - INFO - fetch_expenses_for_date called with 2024-08-02
2025-03-04 21:59:27,430 - db_helper - INFO - fetch_expenses_for_date called with 2024-08-02
2025-03-04 21:59:37,694 - db_helper - INFO - fetch_expenses_for_date called with 2024-08-09
2025-03-04 21:59:43,216 - db_helper - INFO - fetch_expenses_for_date called with 2024-08-15
2025-03-04 21:59:46,604 - db_helper - INFO - fetch_expenses_for_date called with 2024-08-13
2025-03-04 21:59:51,145 - db_helper - INFO - fetch_expenses_for_date called with 2024-08-05
2025-03-04 21:59:54,342 - db_helper - INFO - fetch_expenses_for_date called with 2024-08-02
2025-03-04 22:01:48,156 - db_helper - INFO - fetch_expenses_for_date called with 2024-08-01
2025-03-04 22:01:50,728 - db_helper - INFO - fetch_expenses_for_date called with 2024-08-01
2025-03-04 22:01:55,744 - db_helper - INFO - fetch_expenses_for_date called with 2024-08-02
2025-03-04 22:14:06,751 - db_helper - INFO - fetch_expenses_for_date called with 2024-08-02
2025-03-04 22:14:10,912 - db_helper - INFO - fetch_expenses_for_date called with 2024-08-14
2025-03-04 22:14:50,007 - db_helper - INFO - fetch_expenses_for_date called with 2024-08-14
2025-03-04 22:14:50,025 - db_helper - INFO - delete_expenses_for_date called with 2024-08-14
2025-03-04 22:14:50,033 - db_helper - INFO - insert_expense called with date: 2024-08-14, amount: 50.0, category: Shopping, notes: 
2025-03-04 22:15:10,440 - db_helper - INFO - fetch_expenses_for_date called with 2024-08-14
2025-03-04 22:15:10,465 - db_helper - INFO - delete_expenses_for_date called with 2024-08-14
2025-03-04 22:15:10,477 - db_helper - INFO - insert_expense called with date: 2024-08-14, amount: 50.0, category: Food, notes: Coconut water
2025-03-04 22:15:14,462 - db_helper - INFO - fetch_expenses_for_date called with 2024-08-14
2025-03-04 22:15:14,483 - db_helper - INFO - delete_expenses_for_date called with 2024-08-14
2025-03-04 22:15:14,493 - db_helper - INFO - insert_expense called with date: 2024-08-14, amount: 50.0, category: Food, notes: Coconut water
2025-03-04 22:15:16,411 - db_helper - INFO - fetch_expenses_for_date called with 2024-08-14
2025-03-04 22:15:16,439 - db_helper - INFO - delete_expenses_for_date called with 2024-08-14
2025-03-04 22:15:16,452 - db_helper - INFO - insert_expense called with date: 2024-08-14, amount: 50.0, category: Food, notes: Coconut water
2025-03-04 22:15:22,539 - db_helper - INFO - fetch_expenses_for_date called with 2024-08-01
2025-03-04 22:15:25,949 - db_helper - INFO - fetch_expenses_for_date called with 2024-08-07
2025-03-04 22:15:30,765 - db_helper - INFO - fetch_expenses_for_date called with 2024-08-14
2025-03-04 22:15:49,131 - db_helper - INFO - fetch_expenses_for_date called with 2024-08-14
2025-03-04 22:15:49,155 - db_helper - INFO - delete_expenses_for_date called with 2024-08-14
2025-03-04 22:15:49,167 - db_helper - INFO - insert_expense called with date: 2024-08-14, amount: 54.0, category: Food, notes: Coconut water
2025-03-04 22:18:37,856 - db_helper - INFO - fetch_expenses_for_date called with 2024-08-14
2025-03-05 12:09:06,726 - db_helper - INFO - fetch_expenses_for_date called with 2024-08-01
2025-03-05 12:09:13,743 - db_helper - INFO - fetch_expenses_for_date called with 2024-08-02
2025-03-05 12:09:18,493 - db_helper - INFO - fetch_expenses_for_date called with 2024-08-02
2025-03-05 12:09:20,635 - db_helper - INFO - fetch_expense_summary called with start: 2024-08-01 end: 2024-08-05
2025-03-05 12:16:52,900 - db_helper - INFO - fetch_expenses_for_date called with 2024-08-02
2025-03-05 12:16:54,973 - db_helper - INFO - fetch_expense_summary called with start: 2024-08-01 end: 2024-08-05
2025-03-05 12:18:08,544 - db_helper - INFO - fetch_expenses_for_date called with 2024-08-02
2025-03-05 12:18:10,923 - db_helper - INFO - fetch_expenses_for_date called with 2024-08-02
2025-03-05 12:18:12,989 - db_helper - INFO - fetch_expense_summary called with start: 2024-08-02 end: 2024-08-05
2025-03-05 12:23:34,492 - db_helper - INFO - fetch_expenses_for_date called with 2024-08-01
2025-03-05 12:23:43,509 - db_helper - INFO - fetch_expenses_for_date called with 2024-08-01
2025-03-05 12:23:45,572 - db_helper - INFO - fetch_expense_summary called with start: 2024-08-01 end: 2024-08-05
2025-03-05 14:17:52,418 - db_helper - INFO - fetch_expenses_for_date called with 2024-08-01
2025-03-05 14:18:06,934 - db_helper - INFO - fetch_expense_summary called with start: 2024-08-01 end: 2024-08-05
2025-03-05 14:18:16,994 - db_helper - INFO - fetch_expenses_for_date called with 2024-08-01
2025-03-05 14:20:52,880 - db_helper - INFO - fetch_expenses_for_date called with 2024-08-01
2025-03-05 14:20:55,863 - db_helper - INFO - fetch_expenses_for_date called with 2024-08-01
2025-03-05 14:20:58,449 - db_helper - INFO - fetch_expenses_for_date called with 2024-08-01
2025-03-05 14:21:04,006 - db_helper - INFO - fetch_expense_summary called with start: 2024-08-01 end: 2024-08-05
2025-03-05 14:21:19,027 - db_helper - INFO - fetch_expenses_for_date called with 2024-08-01
2025-03-05 14:21:51,696 - db_helper - INFO - fetch_expenses_for_date called with 2024-08-01
2025-03-05 14:23:44,025 - db_helper - INFO - fetch_expenses_for_date called with 2024-08-01
2025-03-05 14:23:46,101 - db_helper - INFO - fetch_expense_summary called with start: 2024-08-01 end: 2024-08-05
2025-03-05 14:25:38,790 - db_helper - INFO - fetch_expenses_for_date called with 2024-08-01
2025-03-05 14:25:50,101 - db_helper - INFO - fetch_expenses_for_date called with 2024-08-01
2025-03-05 14:25:51,126 - db_helper - INFO - fetch_expenses_for_date called with 2024-08-01
2025-03-05 14:25:58,035 - db_helper - INFO - fetch_expenses_for_date called with 2024-08-09
2025-03-05 14:26:05,112 - db_helper - INFO - fetch_expenses_for_date called with 2024-08-14
2025-03-05 14:27:12,442 - db_helper - INFO - fetch_expenses_for_date called with 2024-08-14
2025-03-05 14:27:19,273 - db_helper - INFO - fetch_expenses_for_date called with 2024-08-01
2025-03-05 14:27:40,495 - db_helper - INFO - fetch_expense_summary called with start: 2024-08-01 end: 2024-08-05
2025-03-05 14:27:46,473 - db_helper - INFO - fetch_expense_summary called with start: 2024-08-01 end: 2024-08-05
2025-03-05 14:27:52,984 - db_helper - INFO - fetch_expense_summary called with start: 2024-08-01 end: 2024-08-14
2025-03-05 14:28:23,472 - db_helper - INFO - fetch_expenses_for_date called with 2024-08-01
2025-03-05 14:28:30,494 - db_helper - INFO - fetch_expense_summary called with start: 2024-08-01 end: 2024-08-05
2025-03-05 14:31:51,615 - db_helper - INFO - fetch_expenses_for_date called with 2024-08-01
2025-03-05 14:32:22,678 - db_helper - INFO - fetch_expenses_for_date called with 2024-08-01
2025-03-05 14:32:39,744 - db_helper - INFO - fetch_expenses_for_date called with 2024-08-01
2025-03-05 14:32:52,795 - db_helper - INFO - fetch_expense_summary called with start: 2024-08-01 end: 2024-08-05
2025-03-05 14:32:59,891 - db_helper - INFO - fetch_expenses_for_date called with 2024-08-01
2025-03-05 14:33:17,425 - db_helper - INFO - fetch_expenses_for_date called with 2024-08-09
2025-03-05 14:33:33,480 - db_helper - INFO - fetch_expenses_for_date called with 2024-08-09
2025-03-05 14:33:33,500 - db_helper - INFO - delete_expenses_for_date called with 2024-08-09
2025-03-05 14:33:33,508 - db_helper - INFO - insert_expense called with date: 2024-08-09, amount: 8.0, category: Food, notes: chocolate
2025-03-05 14:33:40,171 - db_helper - INFO - fetch_expenses_for_date called with 2024-08-10
2025-03-05 14:33:44,630 - db_helper - INFO - fetch_expenses_for_date called with 2024-08-10
2025-03-05 14:33:44,650 - db_helper - INFO - delete_expenses_for_date called with 2024-08-10
2025-03-05 14:33:44,655 - db_helper - INFO - insert_expense called with date: 2024-08-10, amount: 8.0, category: Food, notes: chocolate
2025-03-05 14:33:48,905 - db_helper - INFO - fetch_expenses_for_date called with 2024-08-15
2025-03-05 14:33:51,407 - db_helper - INFO - fetch_expenses_for_date called with 2024-08-11
2025-03-05 14:33:53,280 - db_helper - INFO - fetch_expenses_for_date called with 2024-08-10
2025-03-05 14:33:56,901 - db_helper - INFO - fetch_expenses_for_date called with 2024-08-09
2025-03-05 14:34:00,043 - db_helper - INFO - fetch_expenses_for_date called with 2024-08-08
2025-03-05 14:34:08,230 - db_helper - INFO - fetch_expense_summary called with start: 2024-08-01 end: 2024-08-05
2025-03-05 14:34:31,345 - db_helper - INFO - fetch_expenses_for_date called with 2024-08-01
2025-03-05 14:34:43,031 - db_helper - INFO - fetch_expenses_for_date called with 2024-08-01
2025-03-05 14:39:20,429 - db_helper - INFO - fetch_expenses_for_date called with 2024-08-09
2025-03-05 14:39:22,529 - db_helper - INFO - fetch_expenses_for_date called with 2024-08-01
2025-03-05 14:39:36,053 - db_helper - INFO - fetch_expense_summary called with start: 2024-08-01 end: 2024-08-05
2025-03-05 14:46:23,935 - db_helper - INFO - fetch_expenses_for_date called with 2024-08-01
2025-03-05 14:46:38,412 - db_helper - INFO - fetch_expenses_for_date called with 2024-08-25
2025-03-05 14:46:48,481 - db_helper - INFO - fetch_expenses_for_date called with 2024-08-01
2025-03-05 14:47:10,312 - db_helper - INFO - fetch_expenses_for_date called with 2024-08-01
2025-03-05 14:47:20,400 - db_helper - INFO - fetch_expense_summary called with start: 2024-08-01 end: 2024-08-05
2025-03-05 14:47:30,199 - db_helper - INFO - fetch_expenses_for_date called with 2024-08-01
2025-03-05 14:50:52,614 - db_helper - INFO - fetch_expense_summary called with start: 2024-08-01 end: 2024-08-05
2025-03-05 14:50:57,646 - db_helper - INFO - fetch_expenses_for_date called with 2024-08-01
2025-03-05 14:53:20,563 - db_helper - INFO - fetch_expenses_for_date called with 2024-08-01
2025-03-05 14:53:26,366 - db_helper - INFO - fetch_expenses_for_date called with 2024-08-30
2025-03-05 14:53:43,768 - db_helper - INFO - fetch_expenses_for_date called with 2024-08-30
2025-03-05 14:53:43,789 - db_helper - INFO - delete_expenses_for_date called with 2024-08-30
2025-03-05 14:53:43,795 - db_helper - INFO - insert_expense called with date: 2024-08-30, amount: 120.0, category: Shopping, notes: socks
2025-03-05 14:58:01,195 - db_helper - INFO - fetch_expenses_for_date called with 2024-08-30
2025-03-05 14:58:07,724 - db_helper - INFO - fetch_expenses_for_date called with 2024-08-01
2025-03-05 14:58:19,125 - db_helper - INFO - fetch_expense_summary called with start: 2024-08-16 end: 2024-08-05
2025-03-05 14:58:32,062 - db_helper - INFO - fetch_expense_summary called with start: 2024-08-02 end: 2024-08-30
2025-03-05 14:58:58,993 - db_helper - INFO - fetch_expenses_for_date called with 2024-08-01
2025-03-05 14:59:07,574 - db_helper - INFO - fetch_expenses_for_date called with 2024-08-01
2025-03-05 14:59:29,036 - db_helper - INFO - fetch_expenses_for_date called with 2024-08-01
2025-03-05 14:59:48,369 - db_helper - INFO - fetch_expense_summary called with start: 2024-08-01 end: 2024-08-05
2025-03-05 15:01:36,455 - db_helper - INFO - fetch_expense_summary called with start: 2024-08-01 end: 2024-08-05
2025-03-05 15:01:40,648 - db_helper - INFO - fetch_expenses_for_date called with 2024-08-01
2025-03-05 15:01:50,629 - db_helper - INFO - fetch_expense_summary called with start: 2024-08-01 end: 2024-08-05
2025-03-05 15:09:07,880 - db_helper - INFO - fetch_expense_summary called with start: 2024-08-01 end: 2024-08-05
2025-03-05 15:09:20,162 - db_helper - INFO - fetch_expenses_for_date called with 2024-08-01
2025-03-05 15:09:22,818 - db_helper - INFO - fetch_expenses_for_date called with 2024-08-01
2025-03-05 15:10:01,110 - db_helper - INFO - fetch_expenses_for_date called with 2024-08-01
2025-03-05 15:10:16,909 - db_helper - INFO - fetch_expenses_for_date called with 2024-08-01
2025-03-05 15:13:07,256 - db_helper - INFO - fetch_expenses_for_date called with 2024-08-01
2025-03-05 15:13:09,945 - db_helper - INFO - fetch_expenses_for_date called with 2024-08-01
2025-03-05 15:13:14,706 - db_helper - INFO - fetch_expenses_for_date called with 2024-08-01
2025-03-05 15:13:29,009 - db_helper - INFO - fetch_expenses_for_date called with 2024-08-02
2025-03-05 15:13:36,893 - db_helper - INFO - fetch_expenses_for_date called with 2024-08-02
2025-03-05 15:13:46,715 - db_helper - INFO - fetch_expense_summary called with start: 2024-08-01 end: 2024-08-05
2025-03-05 15:13:55,636 - db_helper - INFO - fetch_expenses_for_date called with 2024-08-01
2025-03-05 15:14:12,021 - db_helper - INFO - fetch_expense_summary called with start: 2024-08-01 end: 2024-08-05
2025-03-05 15:15:04,304 - db_helper - INFO - fetch_expenses_for_date called with 2024-08-01
2025-03-05 15:15:10,771 - db_helper - INFO - fetch_expenses_for_date called with 2024-08-01
2025-03-05 15:15:12,835 - db_helper - INFO - fetch_expense_summary called with start: 2024-08-01 end: 2024-08-05
2025-03-05 15:15:46,077 - db_helper - INFO - fetch_expenses_for_date called with 2024-08-01
2025-03-05 15:15:52,237 - db_helper - INFO - fetch_expenses_for_date called with 2024-08-01
2025-03-05 15:15:54,307 - db_helper - INFO - fetch_expense_summary called with start: 2024-08-01 end: 2024-08-05
2025-03-05 16:08:43,736 - db_helper - INFO - fetch_expenses_for_date called with 2024-08-01
2025-03-05 16:14:40,439 - db_helper - INFO - fetch_expenses_for_date called with 2024-08-01
2025-03-05 16:14:45,647 - db_helper - INFO - fetch_expenses_for_date called with 2024-08-01
2025-03-05 16:14:47,721 - db_helper - INFO - fetch_expense_summary called with start: 2024-08-01 end: 2024-08-05
2025-03-05 16:15:20,380 - db_helper - INFO - fetch_expenses_for_date called with 2024-08-01
2025-03-05 16:15:22,805 - db_helper - INFO - fetch_expenses_for_date called with 2024-08-01
2025-03-05 16:15:24,863 - db_helper - INFO - fetch_expense_summary called with start: 2024-08-01 end: 2024-08-05
2025-03-05 16:15:30,673 - db_helper - INFO - fetch_expenses_for_date called with 2024-08-01
2025-03-05 16:15:32,742 - db_helper - INFO - fetch_expense_summary called with start: 2024-08-01 end: 2024-12-05
2025-03-05 16:20:12,822 - db_helper - INFO - fetch_expenses_for_date called with 2024-08-01
2025-03-05 16:20:18,321 - db_helper - INFO - fetch_expenses_for_date called with 2024-08-01
2025-03-05 16:20:20,385 - db_helper - INFO - fetch_expense_summary called with start: 2024-08-01 end: 2024-08-05
2025-03-05 16:20:22,329 - db_helper - INFO - fetch_expenses_for_date called with 2024-08-01
2025-03-05 16:20:24,382 - db_helper - INFO - fetch_expense_summary called with start: 2024-08-01 end: 2024-12-05
2025-03-05 16:44:30,060 - db_helper - INFO - fetch_expenses_for_date called with 2024-08-01
2025-03-05 16:44:32,624 - db_helper - INFO - fetch_expenses_for_date called with 2024-08-01
2025-03-05 16:44:34,684 - db_helper - INFO - fetch_expense_summary called with start: 2024-08-01 end: 2024-12-05
2025-03-05 16:45:01,090 - db_helper - INFO - fetch_expenses_for_date called with 2024-09-11
2025-03-05 16:45:18,562 - db_helper - INFO - fetch_expenses_for_date called with 2024-09-11
2025-03-05 16:45:18,583 - db_helper - INFO - delete_expenses_for_date called with 2024-09-11
2025-03-05 16:45:18,588 - db_helper - INFO - insert_expense called with date: 2024-09-11, amount: 5000.0, category: Rent, notes: renting
2025-03-05 16:45:29,301 - db_helper - INFO - fetch_expenses_for_date called with 2024-10-17
2025-03-05 16:45:35,468 - db_helper - INFO - fetch_expenses_for_date called with 2024-10-17
2025-03-05 16:45:35,491 - db_helper - INFO - delete_expenses_for_date called with 2024-10-17
2025-03-05 16:45:35,496 - db_helper - INFO - insert_expense called with date: 2024-10-17, amount: 4999.0, category: Rent, notes: renting
2025-03-05 16:45:44,871 - db_helper - INFO - fetch_expenses_for_date called with 2024-11-16
2025-03-05 16:46:01,051 - db_helper - INFO - fetch_expenses_for_date called with 2024-11-16
2025-03-05 16:46:01,076 - db_helper - INFO - delete_expenses_for_date called with 2024-11-16
2025-03-05 16:46:01,083 - db_helper - INFO - insert_expense called with date: 2024-11-16, amount: 992.0, category: Shopping, notes: 
2025-03-05 16:46:11,813 - db_helper - INFO - fetch_expenses_for_date called with 2024-11-16
2025-03-05 16:46:13,885 - db_helper - INFO - fetch_expense_summary called with start: 2024-08-01 end: 2024-12-05
2025-03-05 16:46:28,692 - db_helper - INFO - fetch_expenses_for_date called with 2024-11-16
2025-03-05 16:46:30,320 - db_helper - INFO - fetch_expenses_for_date called with 2024-11-16
2025-03-05 16:46:32,391 - db_helper - INFO - fetch_expense_summary called with start: 2024-08-01 end: 2024-11-13
2025-03-05 16:53:50,603 - db_helper - INFO - fetch_expenses_for_date called with 2024-11-16
2025-03-05 16:54:05,868 - db_helper - INFO - fetch_expenses_for_date called with 2024-08-01
2025-03-05 17:00:35,213 - db_helper - INFO - fetch_expenses_for_date called with 2024-08-01
2025-03-05 17:00:43,952 - db_helper - INFO - fetch_expenses_for_date called with 2024-08-01
2025-03-05 17:00:46,026 - db_helper - INFO - fetch_expense_summary called with start: 2024-08-01 end: 2024-08-05
2025-03-05 17:01:12,052 - db_helper - INFO - fetch_expenses_for_date called with 2024-08-01
2025-03-05 17:01:16,552 - db_helper - INFO - fetch_expenses_for_date called with 2024-08-01
2025-03-05 17:01:18,628 - db_helper - INFO - fetch_expense_summary called with start: 2024-08-01 end: 2024-08-05
2025-03-05 17:03:00,198 - db_helper - INFO - fetch_expenses_for_date called with 2024-08-01
2025-03-05 17:03:07,613 - db_helper - INFO - fetch_expenses_for_date called with 2024-08-01
2025-03-05 17:03:09,684 - db_helper - INFO - fetch_expense_summary called with start: 2024-08-01 end: 2024-08-05
2025-03-05 17:12:45,992 - db_helper - INFO - fetch_expenses_for_date called with 2024-11-16
2025-03-05 17:13:00,581 - db_helper - INFO - fetch_expenses_for_date called with 2024-11-16
2025-03-05 17:13:00,601 - db_helper - INFO - delete_expenses_for_date called with 2024-11-16
2025-03-05 17:13:00,610 - db_helper - INFO - insert_expense called with date: 2024-11-16, amount: 992.0, category: Shopping, notes: shirt buying
2025-03-05 17:26:51,736 - db_helper - INFO - fetch_expenses_for_date called with 2024-08-01
2025-03-05 17:26:53,898 - db_helper - INFO - fetch_expense_summary_by_months
2025-03-05 17:26:53,910 - db_helper - INFO - Data fetched: [{'expense_month': 8, 'month_name': 'August', 'total': 5904.0}, {'expense_month': 9, 'month_name': 'September', 'total': 9790.0}, {'expense_month': 10, 'month_name': 'October', 'total': 4999.0}, {'expense_month': 11, 'month_name': 'November', 'total': 992.0}]
2025-03-05 17:27:03,515 - db_helper - INFO - fetch_expenses_for_date called with 2024-08-01
2025-03-05 17:27:05,594 - db_helper - INFO - fetch_expense_summary called with start: 2024-08-01 end: 2024-08-05
2025-03-05 17:27:07,645 - db_helper - INFO - fetch_expense_summary_by_months
2025-03-05 17:27:07,650 - db_helper - INFO - Data fetched: [{'expense_month': 8, 'month_name': 'August', 'total': 5904.0}, {'expense_month': 9, 'month_name': 'September', 'total': 9790.0}, {'expense_month': 10, 'month_name': 'October', 'total': 4999.0}, {'expense_month': 11, 'month_name': 'November', 'total': 992.0}]
2025-03-05 17:30:02,451 - db_helper - INFO - fetch_expenses_for_date called with 2024-08-01
2025-03-05 17:30:04,500 - db_helper - INFO - fetch_expense_summary_by_months
2025-03-05 17:30:04,508 - db_helper - INFO - Data fetched: [{'expense_month': 8, 'month_name': 'August', 'total': 5904.0}, {'expense_month': 9, 'month_name': 'September', 'total': 9790.0}, {'expense_month': 10, 'month_name': 'October', 'total': 4999.0}, {'expense_month': 11, 'month_name': 'November', 'total': 992.0}]
2025-03-05 17:30:12,105 - db_helper - INFO - fetch_expenses_for_date called with 2024-08-01
2025-03-05 17:30:14,177 - db_helper - INFO - fetch_expense_summary_by_months
2025-03-05 17:30:14,183 - db_helper - INFO - Data fetched: [{'expense_month': 8, 'month_name': 'August', 'total': 5904.0}, {'expense_month': 9, 'month_name': 'September', 'total': 9790.0}, {'expense_month': 10, 'month_name': 'October', 'total': 4999.0}, {'expense_month': 11, 'month_name': 'November', 'total': 992.0}]
2025-03-05 17:31:16,853 - db_helper - INFO - fetch_expenses_for_date called with 2024-08-01
2025-03-05 17:31:18,916 - db_helper - INFO - fetch_expense_summary_by_months
2025-03-05 17:31:18,928 - db_helper - INFO - Data fetched: [{'expense_month': 8, 'month_name': 'August', 'total': 5904.0}, {'expense_month': 9, 'month_name': 'September', 'total': 9790.0}, {'expense_month': 10, 'month_name': 'October', 'total': 4999.0}, {'expense_month': 11, 'month_name': 'November', 'total': 992.0}]
2025-03-05 17:32:26,250 - db_helper - INFO - fetch_expenses_for_date called with 2024-08-01
2025-03-05 17:32:28,304 - db_helper - INFO - fetch_expense_summary_by_months
2025-03-05 17:32:28,319 - db_helper - INFO - Data fetched: [{'expense_month': 8, 'month_name': 'August', 'total': 5904.0}, {'expense_month': 9, 'month_name': 'September', 'total': 9790.0}, {'expense_month': 10, 'month_name': 'October', 'total': 4999.0}, {'expense_month': 11, 'month_name': 'November', 'total': 992.0}]
2025-03-05 17:32:48,302 - db_helper - INFO - fetch_expenses_for_date called with 2024-08-01
2025-03-05 17:32:50,325 - db_helper - INFO - fetch_expense_summary_by_months
2025-03-05 17:32:50,333 - db_helper - INFO - Data fetched: [{'expense_month': 8, 'month_name': 'August', 'total': 5904.0}, {'expense_month': 9, 'month_name': 'September', 'total': 9790.0}, {'expense_month': 10, 'month_name': 'October', 'total': 4999.0}, {'expense_month': 11, 'month_name': 'November', 'total': 992.0}]
2025-03-05 17:33:28,796 - db_helper - INFO - fetch_expenses_for_date called with 2024-08-01
2025-03-05 17:33:30,845 - db_helper - INFO - fetch_expense_summary_by_months
2025-03-05 17:33:30,852 - db_helper - INFO - Data fetched: [{'expense_month': 8, 'month_name': 'August', 'total': 5904.0}, {'expense_month': 9, 'month_name': 'September', 'total': 9790.0}, {'expense_month': 10, 'month_name': 'October', 'total': 4999.0}, {'expense_month': 11, 'month_name': 'November', 'total': 992.0}]
2025-03-05 17:33:54,055 - db_helper - INFO - fetch_expenses_for_date called with 2024-08-01
2025-03-05 17:33:56,140 - db_helper - INFO - fetch_expense_summary called with start: 2024-08-01 end: 2024-08-05
2025-03-05 17:33:58,215 - db_helper - INFO - fetch_expense_summary_by_months
2025-03-05 17:33:58,227 - db_helper - INFO - Data fetched: [{'expense_month': 8, 'month_name': 'August', 'total': 5904.0}, {'expense_month': 9, 'month_name': 'September', 'total': 9790.0}, {'expense_month': 10, 'month_name': 'October', 'total': 4999.0}, {'expense_month': 11, 'month_name': 'November', 'total': 992.0}]
2025-03-05 17:35:01,003 - db_helper - INFO - fetch_expenses_for_date called with 2024-08-01
2025-03-05 17:35:03,058 - db_helper - INFO - fetch_expense_summary_by_months
2025-03-05 17:35:03,065 - db_helper - INFO - Data fetched: [{'expense_month': 8, 'month_name': 'August', 'total': 5904.0}, {'expense_month': 9, 'month_name': 'September', 'total': 9790.0}, {'expense_month': 10, 'month_name': 'October', 'total': 4999.0}, {'expense_month': 11, 'month_name': 'November', 'total': 992.0}]
2025-03-05 17:35:28,994 - db_helper - INFO - fetch_expenses_for_date called with 2024-08-01
2025-03-05 17:35:31,069 - db_helper - INFO - fetch_expense_summary_by_months
2025-03-05 17:35:31,080 - db_helper - INFO - Data fetched: [{'expense_month': 8, 'month_name': 'August', 'total': 5904.0}, {'expense_month': 9, 'month_name': 'September', 'total': 9790.0}, {'expense_month': 10, 'month_name': 'October', 'total': 4999.0}, {'expense_month': 11, 'month_name': 'November', 'total': 992.0}]
2025-03-05 17:35:38,310 - db_helper - INFO - fetch_expenses_for_date called with 2024-08-01
2025-03-05 17:35:40,384 - db_helper - INFO - fetch_expense_summary_by_months
2025-03-05 17:35:40,392 - db_helper - INFO - Data fetched: [{'expense_month': 8, 'month_name': 'August', 'total': 5904.0}, {'expense_month': 9, 'month_name': 'September', 'total': 9790.0}, {'expense_month': 10, 'month_name': 'October', 'total': 4999.0}, {'expense_month': 11, 'month_name': 'November', 'total': 992.0}]
2025-03-05 17:36:32,536 - db_helper - INFO - fetch_expenses_for_date called with 2024-08-01
2025-03-05 17:36:34,610 - db_helper - INFO - fetch_expense_summary called with start: 2024-08-01 end: 2024-08-05
2025-03-05 17:36:36,685 - db_helper - INFO - fetch_expense_summary_by_months
2025-03-05 17:36:36,692 - db_helper - INFO - Data fetched: [{'expense_month': 8, 'month_name': 'August', 'total': 5904.0}, {'expense_month': 9, 'month_name': 'September', 'total': 9790.0}, {'expense_month': 10, 'month_name': 'October', 'total': 4999.0}, {'expense_month': 11, 'month_name': 'November', 'total': 992.0}]
2025-03-05 17:36:39,789 - db_helper - INFO - fetch_expenses_for_date called with 2024-08-01
2025-03-05 17:36:40,740 - db_helper - INFO - fetch_expenses_for_date called with 2024-08-01
2025-03-05 17:36:41,859 - db_helper - INFO - fetch_expense_summary_by_months
2025-03-05 17:36:41,866 - db_helper - INFO - Data fetched: [{'expense_month': 8, 'month_name': 'August', 'total': 5904.0}, {'expense_month': 9, 'month_name': 'September', 'total': 9790.0}, {'expense_month': 10, 'month_name': 'October', 'total': 4999.0}, {'expense_month': 11, 'month_name': 'November', 'total': 992.0}]
2025-03-05 17:36:42,811 - db_helper - INFO - fetch_expense_summary called with start: 2024-08-01 end: 2024-08-13
2025-03-05 17:36:44,849 - db_helper - INFO - fetch_expense_summary_by_months
2025-03-05 17:36:44,855 - db_helper - INFO - Data fetched: [{'expense_month': 8, 'month_name': 'August', 'total': 5904.0}, {'expense_month': 9, 'month_name': 'September', 'total': 9790.0}, {'expense_month': 10, 'month_name': 'October', 'total': 4999.0}, {'expense_month': 11, 'month_name': 'November', 'total': 992.0}]
2025-03-05 17:36:47,878 - db_helper - INFO - fetch_expenses_for_date called with 2024-08-01
2025-03-05 17:36:48,881 - db_helper - INFO - fetch_expenses_for_date called with 2024-08-01
2025-03-05 17:36:49,942 - db_helper - INFO - fetch_expense_summary_by_months
2025-03-05 17:36:49,949 - db_helper - INFO - Data fetched: [{'expense_month': 8, 'month_name': 'August', 'total': 5904.0}, {'expense_month': 9, 'month_name': 'September', 'total': 9790.0}, {'expense_month': 10, 'month_name': 'October', 'total': 4999.0}, {'expense_month': 11, 'month_name': 'November', 'total': 992.0}]
2025-03-05 17:36:50,923 - db_helper - INFO - fetch_expense_summary called with start: 2024-08-01 end: 2024-09-13
2025-03-05 17:36:52,978 - db_helper - INFO - fetch_expense_summary_by_months
2025-03-05 17:36:52,985 - db_helper - INFO - Data fetched: [{'expense_month': 8, 'month_name': 'August', 'total': 5904.0}, {'expense_month': 9, 'month_name': 'September', 'total': 9790.0}, {'expense_month': 10, 'month_name': 'October', 'total': 4999.0}, {'expense_month': 11, 'month_name': 'November', 'total': 992.0}]
2025-03-05 17:37:11,450 - db_helper - INFO - fetch_expenses_for_date called with 2024-09-10
2025-03-05 17:37:13,515 - db_helper - INFO - fetch_expense_summary_by_months
2025-03-05 17:37:13,522 - db_helper - INFO - Data fetched: [{'expense_month': 8, 'month_name': 'August', 'total': 5904.0}, {'expense_month': 9, 'month_name': 'September', 'total': 9790.0}, {'expense_month': 10, 'month_name': 'October', 'total': 4999.0}, {'expense_month': 11, 'month_name': 'November', 'total': 992.0}]
2025-03-05 17:37:31,167 - db_helper - INFO - fetch_expenses_for_date called with 2024-09-10
2025-03-05 17:37:31,185 - db_helper - INFO - delete_expenses_for_date called with 2024-09-10
2025-03-05 17:37:31,195 - db_helper - INFO - insert_expense called with date: 2024-09-10, amount: 2000.0, category: Food, notes: eat at restaurants
2025-03-05 17:37:33,264 - db_helper - INFO - fetch_expense_summary_by_months
2025-03-05 17:37:33,271 - db_helper - INFO - Data fetched: [{'expense_month': 8, 'month_name': 'August', 'total': 5904.0}, {'expense_month': 9, 'month_name': 'September', 'total': 11790.0}, {'expense_month': 10, 'month_name': 'October', 'total': 4999.0}, {'expense_month': 11, 'month_name': 'November', 'total': 992.0}]
2025-03-05 17:37:38,988 - db_helper - INFO - fetch_expenses_for_date called with 2024-09-10
2025-03-05 17:37:41,045 - db_helper - INFO - fetch_expense_summary called with start: 2024-08-01 end: 2024-09-13
2025-03-05 17:37:43,100 - db_helper - INFO - fetch_expense_summary_by_months
2025-03-05 17:37:43,107 - db_helper - INFO - Data fetched: [{'expense_month': 8, 'month_name': 'August', 'total': 5904.0}, {'expense_month': 9, 'month_name': 'September', 'total': 11790.0}, {'expense_month': 10, 'month_name': 'October', 'total': 4999.0}, {'expense_month': 11, 'month_name': 'November', 'total': 992.0}]
2025-03-05 17:37:55,540 - db_helper - INFO - fetch_expenses_for_date called with 2024-09-10
2025-03-05 17:37:57,353 - db_helper - INFO - fetch_expenses_for_date called with 2024-09-10
2025-03-05 17:37:57,613 - db_helper - INFO - fetch_expense_summary_by_months
2025-03-05 17:37:57,618 - db_helper - INFO - Data fetched: [{'expense_month': 8, 'month_name': 'August', 'total': 5904.0}, {'expense_month': 9, 'month_name': 'September', 'total': 11790.0}, {'expense_month': 10, 'month_name': 'October', 'total': 4999.0}, {'expense_month': 11, 'month_name': 'November', 'total': 992.0}]
2025-03-05 17:37:59,415 - db_helper - INFO - fetch_expense_summary called with start: 2024-08-01 end: 2024-09-09
2025-03-05 17:38:01,473 - db_helper - INFO - fetch_expense_summary_by_months
2025-03-05 17:38:01,484 - db_helper - INFO - Data fetched: [{'expense_month': 8, 'month_name': 'August', 'total': 5904.0}, {'expense_month': 9, 'month_name': 'September', 'total': 11790.0}, {'expense_month': 10, 'month_name': 'October', 'total': 4999.0}, {'expense_month': 11, 'month_name': 'November', 'total': 992.0}]
2025-03-05 17:38:08,230 - db_helper - INFO - fetch_expenses_for_date called with 2024-09-10
2025-03-05 17:38:09,102 - db_helper - INFO - fetch_expenses_for_date called with 2024-09-10
2025-03-05 17:38:10,286 - db_helper - INFO - fetch_expense_summary_by_months
2025-03-05 17:38:10,293 - db_helper - INFO - Data fetched: [{'expense_month': 8, 'month_name': 'August', 'total': 5904.0}, {'expense_month': 9, 'month_name': 'September', 'total': 11790.0}, {'expense_month': 10, 'month_name': 'October', 'total': 4999.0}, {'expense_month': 11, 'month_name': 'November', 'total': 992.0}]
2025-03-05 17:38:11,158 - db_helper - INFO - fetch_expense_summary called with start: 2024-08-01 end: 2024-09-10
2025-03-05 17:38:13,229 - db_helper - INFO - fetch_expense_summary_by_months
2025-03-05 17:38:13,234 - db_helper - INFO - Data fetched: [{'expense_month': 8, 'month_name': 'August', 'total': 5904.0}, {'expense_month': 9, 'month_name': 'September', 'total': 11790.0}, {'expense_month': 10, 'month_name': 'October', 'total': 4999.0}, {'expense_month': 11, 'month_name': 'November', 'total': 992.0}]
